[debug] [2025-11-13T22:20:15.776Z] ----------------------------------------------------------------------
[debug] [2025-11-13T22:20:15.778Z] Command:       C:\Program Files\nodejs\node.exe C:\Users\mdamk\OneDrive\Desktop\Otagon App\Otagon Latest\Otagon\node_modules\firebase-tools\lib\bin\firebase.js deploy --only hosting
[debug] [2025-11-13T22:20:15.778Z] CLI Version:   13.35.1
[debug] [2025-11-13T22:20:15.779Z] Platform:      win32
[debug] [2025-11-13T22:20:15.779Z] Node Version:  v22.21.1
[debug] [2025-11-13T22:20:15.779Z] Time:          Fri Nov 14 2025 03:50:15 GMT+0530 (India Standard Time)
[debug] [2025-11-13T22:20:15.779Z] ----------------------------------------------------------------------
[debug] 
[debug] [2025-11-13T22:20:15.781Z] >>> [apiv2][query] GET https://firebase-public.firebaseio.com/cli.json [none]
[debug] [2025-11-13T22:20:15.898Z] > command requires scopes: ["email","openid","https://www.googleapis.com/auth/cloudplatformprojects.readonly","https://www.googleapis.com/auth/firebase","https://www.googleapis.com/auth/cloud-platform"]
[debug] [2025-11-13T22:20:15.898Z] > authorizing via signed-in user (otagon.prod@gmail.com)
[debug] [2025-11-13T22:20:15.898Z] [iam] checking project your-project-id for permissions ["firebase.projects.get","firebasehosting.sites.update"]
[debug] [2025-11-13T22:20:15.898Z] Checked if tokens are valid: false, expires at: 1759217088890
[debug] [2025-11-13T22:20:15.898Z] Checked if tokens are valid: false, expires at: 1759217088890
[debug] [2025-11-13T22:20:15.898Z] > refreshing access token with scopes: []
[debug] [2025-11-13T22:20:15.899Z] >>> [apiv2][query] POST https://www.googleapis.com/oauth2/v3/token [none]
[debug] [2025-11-13T22:20:15.899Z] >>> [apiv2][body] POST https://www.googleapis.com/oauth2/v3/token [omitted]
[debug] [2025-11-13T22:20:16.087Z] <<< [apiv2][status] POST https://www.googleapis.com/oauth2/v3/token 200
[debug] [2025-11-13T22:20:16.087Z] <<< [apiv2][body] POST https://www.googleapis.com/oauth2/v3/token [omitted]
[debug] [2025-11-13T22:20:16.091Z] >>> [apiv2][query] POST https://cloudresourcemanager.googleapis.com/v1/projects/your-project-id:testIamPermissions [none]
[debug] [2025-11-13T22:20:16.091Z] >>> [apiv2][(partial)header] POST https://cloudresourcemanager.googleapis.com/v1/projects/your-project-id:testIamPermissions x-goog-quota-user=projects/your-project-id
[debug] [2025-11-13T22:20:16.091Z] >>> [apiv2][body] POST https://cloudresourcemanager.googleapis.com/v1/projects/your-project-id:testIamPermissions {"permissions":["firebase.projects.get","firebasehosting.sites.update"]}
[debug] [2025-11-13T22:20:16.428Z] <<< [apiv2][status] GET https://firebase-public.firebaseio.com/cli.json 200
[debug] [2025-11-13T22:20:16.428Z] <<< [apiv2][body] GET https://firebase-public.firebaseio.com/cli.json {"cloudBuildErrorAfter":1594252800000,"cloudBuildWarnAfter":1590019200000,"defaultNode10After":1594252800000,"minVersion":"3.0.5","node8DeploysDisabledAfter":1613390400000,"node8RuntimeDisabledAfter":1615809600000,"node8WarnAfter":1600128000000}
[debug] [2025-11-13T22:20:17.718Z] <<< [apiv2][status] POST https://cloudresourcemanager.googleapis.com/v1/projects/your-project-id:testIamPermissions 200
[debug] [2025-11-13T22:20:17.718Z] <<< [apiv2][body] POST https://cloudresourcemanager.googleapis.com/v1/projects/your-project-id:testIamPermissions {}
[debug] [2025-11-13T22:20:17.718Z] [iam] error while checking permissions, command may fail: Authorization failed. This account is missing the following required permissions on project your-project-id:

  firebase.projects.get
  firebasehosting.sites.update
[debug] [2025-11-13T22:20:17.718Z] Checked if tokens are valid: true, expires at: 1763076015087
[debug] [2025-11-13T22:20:17.718Z] Checked if tokens are valid: true, expires at: 1763076015087
[debug] [2025-11-13T22:20:17.719Z] >>> [apiv2][query] GET https://firebase.googleapis.com/v1beta1/projects/your-project-id [none]
[debug] [2025-11-13T22:20:18.427Z] <<< [apiv2][status] GET https://firebase.googleapis.com/v1beta1/projects/your-project-id 403
[debug] [2025-11-13T22:20:18.427Z] <<< [apiv2][body] GET https://firebase.googleapis.com/v1beta1/projects/your-project-id {"error":{"code":403,"message":"The caller does not have permission","status":"PERMISSION_DENIED"}}
[debug] [2025-11-13T22:20:18.428Z] Request to https://firebase.googleapis.com/v1beta1/projects/your-project-id had HTTP Error: 403, The caller does not have permission
[debug] [2025-11-13T22:20:18.542Z] FirebaseError: Request to https://firebase.googleapis.com/v1beta1/projects/your-project-id had HTTP Error: 403, The caller does not have permission
    at responseToError (C:\Users\mdamk\OneDrive\Desktop\Otagon App\Otagon Latest\Otagon\node_modules\firebase-tools\lib\responseToError.js:52:12)
    at RetryOperation._fn (C:\Users\mdamk\OneDrive\Desktop\Otagon App\Otagon Latest\Otagon\node_modules\firebase-tools\lib\apiv2.js:312:77)
    at process.processTicksAndRejections (node:internal/process/task_queues:105:5)
[error] 
[error] Error: Failed to get Firebase project your-project-id. Please make sure the project exists and your account has permission to access it.
[debug] [2025-11-14T20:18:37.470Z] ----------------------------------------------------------------------
[debug] [2025-11-14T20:18:37.472Z] Command:       C:\Program Files\nodejs\node.exe C:\Users\mdamk\OneDrive\Desktop\Otagon App\Otagon Latest\Otagon\node_modules\firebase-tools\lib\bin\firebase.js deploy --only hosting
[debug] [2025-11-14T20:18:37.472Z] CLI Version:   13.35.1
[debug] [2025-11-14T20:18:37.472Z] Platform:      win32
[debug] [2025-11-14T20:18:37.472Z] Node Version:  v22.21.1
[debug] [2025-11-14T20:18:37.472Z] Time:          Sat Nov 15 2025 01:48:37 GMT+0530 (India Standard Time)
[debug] [2025-11-14T20:18:37.472Z] ----------------------------------------------------------------------
[debug] 
[debug] [2025-11-14T20:18:37.582Z] > command requires scopes: ["email","openid","https://www.googleapis.com/auth/cloudplatformprojects.readonly","https://www.googleapis.com/auth/firebase","https://www.googleapis.com/auth/cloud-platform"]
[debug] [2025-11-14T20:18:37.583Z] > authorizing via signed-in user (otagon.prod@gmail.com)
[debug] [2025-11-14T20:18:37.583Z] [iam] checking project your-project-id for permissions ["firebase.projects.get","firebasehosting.sites.update"]
[debug] [2025-11-14T20:18:37.583Z] Checked if tokens are valid: false, expires at: 1763076015087
[debug] [2025-11-14T20:18:37.583Z] Checked if tokens are valid: false, expires at: 1763076015087
[debug] [2025-11-14T20:18:37.583Z] > refreshing access token with scopes: []
[debug] [2025-11-14T20:18:37.584Z] >>> [apiv2][query] POST https://www.googleapis.com/oauth2/v3/token [none]
[debug] [2025-11-14T20:18:37.585Z] >>> [apiv2][body] POST https://www.googleapis.com/oauth2/v3/token [omitted]
[debug] [2025-11-14T20:18:37.762Z] <<< [apiv2][status] POST https://www.googleapis.com/oauth2/v3/token 200
[debug] [2025-11-14T20:18:37.762Z] <<< [apiv2][body] POST https://www.googleapis.com/oauth2/v3/token [omitted]
[debug] [2025-11-14T20:18:37.767Z] >>> [apiv2][query] POST https://cloudresourcemanager.googleapis.com/v1/projects/your-project-id:testIamPermissions [none]
[debug] [2025-11-14T20:18:37.767Z] >>> [apiv2][(partial)header] POST https://cloudresourcemanager.googleapis.com/v1/projects/your-project-id:testIamPermissions x-goog-quota-user=projects/your-project-id
[debug] [2025-11-14T20:18:37.767Z] >>> [apiv2][body] POST https://cloudresourcemanager.googleapis.com/v1/projects/your-project-id:testIamPermissions {"permissions":["firebase.projects.get","firebasehosting.sites.update"]}
[debug] [2025-11-14T20:18:39.287Z] <<< [apiv2][status] POST https://cloudresourcemanager.googleapis.com/v1/projects/your-project-id:testIamPermissions 200
[debug] [2025-11-14T20:18:39.287Z] <<< [apiv2][body] POST https://cloudresourcemanager.googleapis.com/v1/projects/your-project-id:testIamPermissions {}
[debug] [2025-11-14T20:18:39.287Z] [iam] error while checking permissions, command may fail: Authorization failed. This account is missing the following required permissions on project your-project-id:

  firebase.projects.get
  firebasehosting.sites.update
[debug] [2025-11-14T20:18:39.287Z] Checked if tokens are valid: true, expires at: 1763155116762
[debug] [2025-11-14T20:18:39.288Z] Checked if tokens are valid: true, expires at: 1763155116762
[debug] [2025-11-14T20:18:39.288Z] >>> [apiv2][query] GET https://firebase.googleapis.com/v1beta1/projects/your-project-id [none]
[debug] [2025-11-14T20:18:39.697Z] <<< [apiv2][status] GET https://firebase.googleapis.com/v1beta1/projects/your-project-id 403
[debug] [2025-11-14T20:18:39.697Z] <<< [apiv2][body] GET https://firebase.googleapis.com/v1beta1/projects/your-project-id {"error":{"code":403,"message":"The caller does not have permission","status":"PERMISSION_DENIED"}}
[debug] [2025-11-14T20:18:39.697Z] Request to https://firebase.googleapis.com/v1beta1/projects/your-project-id had HTTP Error: 403, The caller does not have permission
[debug] [2025-11-14T20:18:39.806Z] FirebaseError: Request to https://firebase.googleapis.com/v1beta1/projects/your-project-id had HTTP Error: 403, The caller does not have permission
    at responseToError (C:\Users\mdamk\OneDrive\Desktop\Otagon App\Otagon Latest\Otagon\node_modules\firebase-tools\lib\responseToError.js:52:12)
    at RetryOperation._fn (C:\Users\mdamk\OneDrive\Desktop\Otagon App\Otagon Latest\Otagon\node_modules\firebase-tools\lib\apiv2.js:312:77)
    at process.processTicksAndRejections (node:internal/process/task_queues:105:5)
[error] 
[error] Error: Failed to get Firebase project your-project-id. Please make sure the project exists and your account has permission to access it.
